2025/03/18 11:23:00 [error] 12480#12032: *1 CreateFile() "C:\Users\EDY\Desktop\mon_projet_odoo\addons\my_dash_module\setup\nginx-1.27.4/html/favicon.ico" failed (2: Le fichier spécifié est introuvable), client: 127.0.0.1, server: localhost, request: "GET /favicon.ico HTTP/1.1", host: "localhost", referrer: "http://localhost/"
2025/03/18 13:50:17 [error] 12480#12032: *3 CreateFile() "C:\Users\EDY\Desktop\mon_projet_odoo\addons\my_dash_module\setup\nginx-1.27.4/html/web" failed (2: Le fichier spécifié est introuvable), client: 127.0.0.1, server: localhost, request: "GET /web HTTP/1.1", host: "localhost"
2025/03/18 13:50:51 [error] 12480#12032: *3 "C:\Users\EDY\Desktop\mon_projet_odoo\addons\my_dash_module\setup\nginx-1.27.4/html/dashboard/dash/index.html" is not found (3: Le chemin d’accès spécifié est introuvable), client: 127.0.0.1, server: localhost, request: "GET /dashboard/dash/ HTTP/1.1", host: "localhost"
2025/03/18 13:52:47 [error] 12480#12032: *5 CreateFile() "C:\Users\EDY\Desktop\mon_projet_odoo\addons\my_dash_module\setup\nginx-1.27.4/html/web" failed (2: Le fichier spécifié est introuvable), client: 127.0.0.1, server: localhost, request: "GET /web HTTP/1.1", host: "localhost"
2025/03/18 13:57:17 [error] 12480#12032: *7 CreateFile() "C:\Users\EDY\Desktop\mon_projet_odoo\addons\my_dash_module\setup\nginx-1.27.4/html/web" failed (2: Le fichier spécifié est introuvable), client: 127.0.0.1, server: localhost, request: "GET /web HTTP/1.1", host: "localhost"
2025/03/18 13:57:18 [error] 12480#12032: *7 CreateFile() "C:\Users\EDY\Desktop\mon_projet_odoo\addons\my_dash_module\setup\nginx-1.27.4/html/web" failed (2: Le fichier spécifié est introuvable), client: 127.0.0.1, server: localhost, request: "GET /web HTTP/1.1", host: "localhost"
2025/04/11 11:10:18 [emerg] 6184#11572: CreateDirectory() "C:\Users\EDY\Desktop\qc-tracker\qc_addons\qctracker\setup\nginx-1.27.4/temp/client_body_temp" failed (3: Le chemin d’accès spécifié est introuvable)
2025/04/11 14:12:35 [emerg] 11084#8208: CreateDirectory() "C:\Users\EDY\Desktop\qc-tracker\qc_addons\qctracker\setup\nginx-1.27.4/temp/client_body_temp" failed (3: Le chemin d’accès spécifié est introuvable)
2025/04/11 14:18:09 [emerg] 6964#6720: CreateDirectory() "C:\Users\EDY\Desktop\qc-tracker\qc_addons\qctracker\setup\nginx-1.27.4/temp/client_body_temp" failed (3: Le chemin d’accès spécifié est introuvable)
2025/04/11 14:40:20 [emerg] 13012#816: CreateDirectory() "C:\Users\EDY\Desktop\qc-tracker\qc_addons\qctracker\setup\nginx-1.27.4/temp/client_body_temp" failed (3: Le chemin d’accès spécifié est introuvable)
2025/04/12 00:34:27 [emerg] 7328#13212: CreateDirectory() "C:\Users\EDY\Desktop\qc-tracker\qc_addons\qctracker\setup\nginx-1.27.4/temp/client_body_temp" failed (3: Le chemin d’accès spécifié est introuvable)
2025/04/12 01:04:33 [emerg] 10932#10744: CreateDirectory() "C:\Users\EDY\Desktop\qc-tracker\qc_addons\qctracker\setup\nginx-1.27.4/temp/client_body_temp" failed (3: Le chemin d’accès spécifié est introuvable)
2025/04/12 20:18:59 [emerg] 3584#2996: CreateDirectory() "C:\Users\EDY\Desktop\qc-tracker\qc_addons\qctracker\setup\nginx-1.27.4/temp/client_body_temp" failed (3: Le chemin d’accès spécifié est introuvable)
2025/04/12 21:01:27 [emerg] 1632#10956: CreateDirectory() "C:\Users\EDY\Desktop\qc-tracker\qc_addons\qctracker\setup\nginx-1.27.4/temp/client_body_temp" failed (3: Le chemin d’accès spécifié est introuvable)
2025/04/13 00:13:54 [emerg] 6736#13848: CreateDirectory() "C:\Users\EDY\Desktop\qc-tracker\qc_addons\qctracker\setup\nginx-1.27.4/temp/client_body_temp" failed (3: Le chemin d’accès spécifié est introuvable)
2025/04/13 10:30:49 [emerg] 12276#12284: CreateDirectory() "C:\Users\EDY\Desktop\qc-tracker\qc_addons\qctracker\setup\nginx-1.27.4/temp/client_body_temp" failed (3: Le chemin d’accès spécifié est introuvable)
2025/04/13 22:45:13 [emerg] 13688#14280: CreateDirectory() "C:\Users\EDY\Desktop\qc-tracker\qc_addons\qctracker\setup\nginx-1.27.4/temp/client_body_temp" failed (3: Le chemin d’accès spécifié est introuvable)
2025/04/13 22:51:15 [emerg] 15280#960: CreateDirectory() "C:\Users\EDY\Desktop\qc-tracker\qc_addons\qctracker\setup\nginx-1.27.4/temp/client_body_temp" failed (3: Le chemin d’accès spécifié est introuvable)
2025/04/13 23:04:51 [emerg] 10400#13988: CreateDirectory() "C:\Users\EDY\Desktop\qc-tracker\qc_addons\qctracker\setup\nginx-1.27.4/temp/client_body_temp" failed (3: Le chemin d’accès spécifié est introuvable)
2025/04/14 09:27:40 [emerg] 7692#888: CreateDirectory() "C:\Users\EDY\Desktop\qc-tracker\qc_addons\qctracker\setup\nginx-1.27.4/temp/client_body_temp" failed (3: Le chemin d’accès spécifié est introuvable)
2025/04/14 09:37:49 [emerg] 11452#7392: CreateDirectory() "C:\Users\EDY\Desktop\qc-tracker\qc_addons\qctracker\setup\nginx-1.27.4/temp/client_body_temp" failed (3: Le chemin d’accès spécifié est introuvable)
2025/04/14 11:04:21 [emerg] 11600#3060: CreateDirectory() "C:\Users\EDY\Desktop\qc-tracker\qc_addons\qctracker\setup\nginx-1.27.4/temp/client_body_temp" failed (3: Le chemin d’accès spécifié est introuvable)
2025/04/14 11:11:19 [emerg] 11932#12548: CreateDirectory() "C:\Users\EDY\Desktop\qc-tracker\qc_addons\qctracker\setup\nginx-1.27.4/temp/client_body_temp" failed (3: Le chemin d’accès spécifié est introuvable)
2025/04/14 12:50:38 [emerg] 16364#15168: CreateDirectory() "C:\Users\EDY\Desktop\qc-tracker\qc_addons\qctracker\setup\nginx-1.27.4/temp/client_body_temp" failed (3: Le chemin d’accès spécifié est introuvable)
2025/04/14 12:58:32 [emerg] 10972#15528: CreateDirectory() "C:\Users\EDY\Desktop\qc-tracker\qc_addons\qctracker\setup\nginx-1.27.4/temp/client_body_temp" failed (3: Le chemin d’accès spécifié est introuvable)
2025/04/14 13:02:17 [emerg] 11744#3700: CreateDirectory() "C:\Users\EDY\Desktop\qc-tracker\qc_addons\qctracker\setup\nginx-1.27.4/temp/client_body_temp" failed (3: Le chemin d’accès spécifié est introuvable)
2025/04/14 13:25:52 [emerg] 2612#13484: CreateDirectory() "C:\Users\EDY\Desktop\qc-tracker\qc_addons\qctracker\setup\nginx-1.27.4/temp/client_body_temp" failed (3: Le chemin d’accès spécifié est introuvable)
2025/04/14 14:01:59 [emerg] 8164#13632: CreateDirectory() "C:\Users\EDY\Desktop\qc-tracker\qc_addons\qctracker\setup\nginx-1.27.4/temp/client_body_temp" failed (3: Le chemin d’accès spécifié est introuvable)
2025/04/14 14:19:32 [emerg] 9600#6540: CreateDirectory() "C:\Users\EDY\Desktop\qc-tracker\qc_addons\qctracker\setup\nginx-1.27.4/temp/client_body_temp" failed (3: Le chemin d’accès spécifié est introuvable)
2025/04/14 15:08:17 [emerg] 1360#4328: CreateDirectory() "C:\Users\EDY\Desktop\qc-tracker\qc_addons\qctracker\setup\nginx-1.27.4/temp/client_body_temp" failed (3: Le chemin d’accès spécifié est introuvable)
2025/04/14 15:17:27 [emerg] 15876#7520: CreateDirectory() "C:\Users\EDY\Desktop\qc-tracker\qc_addons\qctracker\setup\nginx-1.27.4/temp/client_body_temp" failed (3: Le chemin d’accès spécifié est introuvable)
2025/04/15 09:52:28 [emerg] 11208#15908: CreateDirectory() "C:\Users\EDY\Desktop\qc-tracker\qc_addons\qctracker\setup\nginx-1.27.4/temp/client_body_temp" failed (3: Le chemin d’accès spécifié est introuvable)
2025/04/15 10:58:43 [emerg] 10700#7892: CreateDirectory() "C:\Users\EDY\Desktop\qc-tracker\qc_addons\qctracker\setup\nginx-1.27.4/temp/client_body_temp" failed (3: Le chemin d’accès spécifié est introuvable)
2025/04/15 11:01:13 [emerg] 2656#12920: CreateDirectory() "C:\Users\EDY\Desktop\qc-tracker\qc_addons\qctracker\setup\nginx-1.27.4/temp/client_body_temp" failed (3: Le chemin d’accès spécifié est introuvable)
2025/04/15 11:03:14 [emerg] 9384#12356: CreateDirectory() "C:\Users\EDY\Desktop\qc-tracker\qc_addons\qctracker\setup\nginx-1.27.4/temp/client_body_temp" failed (3: Le chemin d’accès spécifié est introuvable)
2025/04/15 11:21:46 [emerg] 6732#12296: CreateDirectory() "C:\Users\EDY\Desktop\qc-tracker\qc_addons\qctracker\setup\nginx-1.27.4/temp/client_body_temp" failed (3: Le chemin d’accès spécifié est introuvable)
2025/04/15 11:40:03 [emerg] 15612#6832: CreateDirectory() "C:\Users\EDY\Desktop\qc-tracker\qc_addons\qctracker\setup\nginx-1.27.4/temp/client_body_temp" failed (3: Le chemin d’accès spécifié est introuvable)
2025/04/15 11:41:34 [emerg] 13348#14308: CreateDirectory() "C:\Users\EDY\Desktop\qc-tracker\qc_addons\qctracker\setup\nginx-1.27.4/temp/client_body_temp" failed (3: Le chemin d’accès spécifié est introuvable)
2025/04/15 11:49:23 [emerg] 15124#14544: CreateDirectory() "C:\Users\EDY\Desktop\qc-tracker\qc_addons\qctracker\setup\nginx-1.27.4/temp/client_body_temp" failed (3: Le chemin d’accès spécifié est introuvable)
2025/04/15 11:50:58 [emerg] 7676#15000: CreateDirectory() "C:\Users\EDY\Desktop\qc-tracker\qc_addons\qctracker\setup\nginx-1.27.4/temp/client_body_temp" failed (3: Le chemin d’accès spécifié est introuvable)
2025/04/15 11:52:00 [emerg] 3088#7104: CreateDirectory() "C:\Users\EDY\Desktop\qc-tracker\qc_addons\qctracker\setup\nginx-1.27.4/temp/client_body_temp" failed (3: Le chemin d’accès spécifié est introuvable)
2025/04/15 12:04:21 [emerg] 3480#12356: CreateDirectory() "C:\Users\EDY\Desktop\qc-tracker\qc_addons\qctracker\setup\nginx-1.27.4/temp/client_body_temp" failed (3: Le chemin d’accès spécifié est introuvable)
2025/04/15 12:05:47 [emerg] 2804#14404: CreateDirectory() "C:\Users\EDY\Desktop\qc-tracker\qc_addons\qctracker\setup\nginx-1.27.4/temp/client_body_temp" failed (3: Le chemin d’accès spécifié est introuvable)
2025/04/15 12:19:07 [emerg] 6080#11280: CreateDirectory() "C:\Users\EDY\Desktop\qc-tracker\qc_addons\qctracker\setup\nginx-1.27.4/temp/client_body_temp" failed (3: Le chemin d’accès spécifié est introuvable)
2025/04/15 12:21:41 [emerg] 10840#11120: CreateDirectory() "C:\Users\EDY\Desktop\qc-tracker\qc_addons\qctracker\setup\nginx-1.27.4/temp/client_body_temp" failed (3: Le chemin d’accès spécifié est introuvable)
2025/04/15 12:28:03 [emerg] 14340#14188: CreateDirectory() "C:\Users\EDY\Desktop\qc-tracker\qc_addons\qctracker\setup\nginx-1.27.4/temp/client_body_temp" failed (3: Le chemin d’accès spécifié est introuvable)
2025/04/15 12:29:35 [emerg] 3676#9556: CreateDirectory() "C:\Users\EDY\Desktop\qc-tracker\qc_addons\qctracker\setup\nginx-1.27.4/temp/client_body_temp" failed (3: Le chemin d’accès spécifié est introuvable)
2025/04/15 12:31:12 [emerg] 1804#11404: CreateDirectory() "C:\Users\EDY\Desktop\qc-tracker\qc_addons\qctracker\setup\nginx-1.27.4/temp/client_body_temp" failed (3: Le chemin d’accès spécifié est introuvable)
2025/04/15 12:34:55 [emerg] 3896#5516: CreateDirectory() "C:\Users\EDY\Desktop\qc-tracker\qc_addons\qctracker\setup\nginx-1.27.4/temp/client_body_temp" failed (3: Le chemin d’accès spécifié est introuvable)
2025/04/15 12:40:41 [emerg] 8872#13504: CreateDirectory() "C:\Users\EDY\Desktop\qc-tracker\qc_addons\qctracker\setup\nginx-1.27.4/temp/client_body_temp" failed (3: Le chemin d’accès spécifié est introuvable)
2025/04/15 12:43:23 [emerg] 11124#2296: CreateDirectory() "C:\Users\EDY\Desktop\qc-tracker\qc_addons\qctracker\setup\nginx-1.27.4/temp/client_body_temp" failed (3: Le chemin d’accès spécifié est introuvable)
2025/04/15 12:49:21 [emerg] 704#8264: CreateDirectory() "C:\Users\EDY\Desktop\qc-tracker\qc_addons\qctracker\setup\nginx-1.27.4/temp/client_body_temp" failed (3: Le chemin d’accès spécifié est introuvable)
2025/04/15 12:52:59 [emerg] 8928#8628: CreateDirectory() "C:\Users\EDY\Desktop\qc-tracker\qc_addons\qctracker\setup\nginx-1.27.4/temp/client_body_temp" failed (3: Le chemin d’accès spécifié est introuvable)
2025/04/15 13:04:22 [emerg] 13552#14996: CreateDirectory() "C:\Users\EDY\Desktop\qc-tracker\qc_addons\qctracker\setup\nginx-1.27.4/temp/client_body_temp" failed (3: Le chemin d’accès spécifié est introuvable)
2025/04/15 13:17:45 [emerg] 1092#7484: CreateDirectory() "C:\Users\EDY\Desktop\qc-tracker\qc_addons\qctracker\setup\nginx-1.27.4/temp/client_body_temp" failed (3: Le chemin d’accès spécifié est introuvable)
2025/04/15 13:22:12 [emerg] 11984#724: CreateDirectory() "C:\Users\EDY\Desktop\qc-tracker\qc_addons\qctracker\setup\nginx-1.27.4/temp/client_body_temp" failed (3: Le chemin d’accès spécifié est introuvable)
2025/04/15 13:28:03 [emerg] 5176#11628: CreateDirectory() "C:\Users\EDY\Desktop\qc-tracker\qc_addons\qctracker\setup\nginx-1.27.4/temp/client_body_temp" failed (3: Le chemin d’accès spécifié est introuvable)
2025/04/15 13:32:44 [emerg] 15000#12828: CreateDirectory() "C:\Users\EDY\Desktop\qc-tracker\qc_addons\qctracker\setup\nginx-1.27.4/temp/client_body_temp" failed (3: Le chemin d’accès spécifié est introuvable)
2025/04/15 13:35:59 [emerg] 8724#1508: CreateDirectory() "C:\Users\EDY\Desktop\qc-tracker\qc_addons\qctracker\setup\nginx-1.27.4/temp/client_body_temp" failed (3: Le chemin d’accès spécifié est introuvable)
2025/04/15 13:47:53 [emerg] 8496#13496: CreateDirectory() "C:\Users\EDY\Desktop\qc-tracker\qc_addons\qctracker\setup\nginx-1.27.4/temp/client_body_temp" failed (3: Le chemin d’accès spécifié est introuvable)
2025/04/15 13:56:52 [emerg] 8884#13200: CreateDirectory() "C:\Users\EDY\Desktop\qc-tracker\qc_addons\qctracker\setup\nginx-1.27.4/temp/client_body_temp" failed (3: Le chemin d’accès spécifié est introuvable)
2025/04/15 14:01:44 [emerg] 13464#6540: CreateDirectory() "C:\Users\EDY\Desktop\qc-tracker\qc_addons\qctracker\setup\nginx-1.27.4/temp/client_body_temp" failed (3: Le chemin d’accès spécifié est introuvable)
2025/04/15 14:03:06 [emerg] 11392#7268: CreateDirectory() "C:\Users\EDY\Desktop\qc-tracker\qc_addons\qctracker\setup\nginx-1.27.4/temp/client_body_temp" failed (3: Le chemin d’accès spécifié est introuvable)
2025/04/15 14:04:52 [emerg] 7104#14904: CreateDirectory() "C:\Users\EDY\Desktop\qc-tracker\qc_addons\qctracker\setup\nginx-1.27.4/temp/client_body_temp" failed (3: Le chemin d’accès spécifié est introuvable)
2025/04/15 14:09:42 [emerg] 10672#13120: CreateDirectory() "C:\Users\EDY\Desktop\qc-tracker\qc_addons\qctracker\setup\nginx-1.27.4/temp/client_body_temp" failed (3: Le chemin d’accès spécifié est introuvable)
2025/04/15 14:12:58 [emerg] 12780#5616: CreateDirectory() "C:\Users\EDY\Desktop\qc-tracker\qc_addons\qctracker\setup\nginx-1.27.4/temp/client_body_temp" failed (3: Le chemin d’accès spécifié est introuvable)
2025/04/15 14:13:51 [emerg] 10368#10044: CreateDirectory() "C:\Users\EDY\Desktop\qc-tracker\qc_addons\qctracker\setup\nginx-1.27.4/temp/client_body_temp" failed (3: Le chemin d’accès spécifié est introuvable)
2025/04/15 14:34:23 [emerg] 8844#7892: CreateDirectory() "C:\Users\EDY\Desktop\qc-tracker\qc_addons\qctracker\setup\nginx-1.27.4/temp/client_body_temp" failed (3: Le chemin d’accès spécifié est introuvable)
2025/04/15 14:36:32 [emerg] 15304#11032: CreateDirectory() "C:\Users\EDY\Desktop\qc-tracker\qc_addons\qctracker\setup\nginx-1.27.4/temp/client_body_temp" failed (3: Le chemin d’accès spécifié est introuvable)
2025/04/15 14:44:08 [emerg] 11884#13852: CreateDirectory() "C:\Users\EDY\Desktop\qc-tracker\qc_addons\qctracker\setup\nginx-1.27.4/temp/client_body_temp" failed (3: Le chemin d’accès spécifié est introuvable)
2025/04/15 15:12:43 [emerg] 4104#4964: CreateDirectory() "C:\Users\EDY\Desktop\qc-tracker\qc_addons\qctracker\setup\nginx-1.27.4/temp/client_body_temp" failed (3: Le chemin d’accès spécifié est introuvable)
2025/04/15 15:17:58 [emerg] 9396#1900: CreateDirectory() "C:\Users\EDY\Desktop\qc-tracker\qc_addons\qctracker\setup\nginx-1.27.4/temp/client_body_temp" failed (3: Le chemin d’accès spécifié est introuvable)
2025/04/15 15:20:09 [emerg] 15104#9664: CreateDirectory() "C:\Users\EDY\Desktop\qc-tracker\qc_addons\qctracker\setup\nginx-1.27.4/temp/client_body_temp" failed (3: Le chemin d’accès spécifié est introuvable)
2025/04/15 17:21:32 [emerg] 9224#15108: CreateDirectory() "C:\Users\EDY\Desktop\qc-tracker\qc_addons\qctracker\setup\nginx-1.27.4/temp/client_body_temp" failed (3: Le chemin d’accès spécifié est introuvable)
2025/04/15 17:33:46 [emerg] 3852#2948: CreateDirectory() "C:\Users\EDY\Desktop\qc-tracker\qc_addons\qctracker\setup\nginx-1.27.4/temp/client_body_temp" failed (3: Le chemin d’accès spécifié est introuvable)
2025/04/15 17:36:02 [emerg] 16504#16508: CreateDirectory() "C:\Users\EDY\Desktop\qc-tracker\qc_addons\qctracker\setup\nginx-1.27.4/temp/client_body_temp" failed (3: Le chemin d’accès spécifié est introuvable)
2025/04/16 10:49:43 [emerg] 16536#3428: CreateDirectory() "C:\Users\EDY\Desktop\qc-tracker\qc_addons\qctracker\setup\nginx-1.27.4/temp/client_body_temp" failed (3: Le chemin d’accès spécifié est introuvable)
2025/04/16 10:55:08 [emerg] 11720#1556: CreateDirectory() "C:\Users\EDY\Desktop\qc-tracker\qc_addons\qctracker\setup\nginx-1.27.4/temp/client_body_temp" failed (3: Le chemin d’accès spécifié est introuvable)
2025/04/16 21:00:18 [emerg] 8260#6920: CreateDirectory() "C:\Users\EDY\Desktop\qc-tracker\qc_addons\qctracker\setup\nginx-1.27.4/temp/client_body_temp" failed (3: Le chemin d’accès spécifié est introuvable)
2025/04/16 22:52:11 [emerg] 9964#13344: CreateDirectory() "C:\Users\EDY\Desktop\qc-tracker\qc_addons\qctracker\setup\nginx-1.27.4/temp/client_body_temp" failed (3: Le chemin d’accès spécifié est introuvable)
2025/04/16 22:58:03 [emerg] 5968#9816: CreateDirectory() "C:\Users\EDY\Desktop\qc-tracker\qc_addons\qctracker\setup\nginx-1.27.4/temp/client_body_temp" failed (3: Le chemin d’accès spécifié est introuvable)
2025/04/17 09:50:54 [emerg] 14684#10836: CreateDirectory() "C:\Users\EDY\Desktop\qc-tracker\qc_addons\qctracker\setup\nginx-1.27.4/temp/client_body_temp" failed (3: Le chemin d’accès spécifié est introuvable)
2025/04/17 10:14:04 [emerg] 4152#12392: CreateDirectory() "C:\Users\EDY\Desktop\qc-tracker\qc_addons\qctracker\setup\nginx-1.27.4/temp/client_body_temp" failed (3: Le chemin d’accès spécifié est introuvable)
2025/04/17 10:19:45 [emerg] 11940#15600: CreateDirectory() "C:\Users\EDY\Desktop\qc-tracker\qc_addons\qctracker\setup\nginx-1.27.4/temp/client_body_temp" failed (3: Le chemin d’accès spécifié est introuvable)
2025/04/17 10:59:35 [emerg] 15588#11952: CreateDirectory() "C:\Users\EDY\Desktop\qc-tracker\qc_addons\qctracker\setup\nginx-1.27.4/temp/client_body_temp" failed (3: Le chemin d’accès spécifié est introuvable)
2025/04/17 15:09:39 [emerg] 8372#2956: CreateDirectory() "C:\Users\EDY\Desktop\qc-tracker\qc_addons\qctracker\setup\nginx-1.27.4/temp/client_body_temp" failed (3: Le chemin d’accès spécifié est introuvable)
2025/04/17 20:30:25 [emerg] 14192#13528: CreateDirectory() "C:\Users\EDY\Desktop\qc-tracker\qc_addons\qctracker\setup\nginx-1.27.4/temp/client_body_temp" failed (3: Le chemin d’accès spécifié est introuvable)
2025/04/18 10:53:19 [emerg] 4784#15028: CreateDirectory() "C:\Users\EDY\Desktop\qc-tracker\qc_addons\qctracker\setup\nginx-1.27.4/temp/client_body_temp" failed (3: Le chemin d’accès spécifié est introuvable)
2025/04/18 10:54:18 [emerg] 5484#13836: CreateDirectory() "C:\Users\EDY\Desktop\qc-tracker\qc_addons\qctracker\setup\nginx-1.27.4/temp/client_body_temp" failed (3: Le chemin d’accès spécifié est introuvable)
2025/04/18 10:57:21 [emerg] 14732#11296: CreateDirectory() "C:\Users\EDY\Desktop\qc-tracker\qc_addons\qctracker\setup\nginx-1.27.4/temp/client_body_temp" failed (3: Le chemin d’accès spécifié est introuvable)
2025/04/18 13:15:37 [emerg] 2248#14684: CreateDirectory() "C:\Users\EDY\Desktop\qc-tracker\qc_addons\qctracker\setup\nginx-1.27.4/temp/client_body_temp" failed (3: Le chemin d’accès spécifié est introuvable)
2025/04/18 13:16:40 [emerg] 13436#16068: CreateDirectory() "C:\Users\EDY\Desktop\qc-tracker\qc_addons\qctracker\setup\nginx-1.27.4/temp/client_body_temp" failed (3: Le chemin d’accès spécifié est introuvable)
2025/04/18 13:27:12 [emerg] 14132#9988: CreateDirectory() "C:\Users\EDY\Desktop\qc-tracker\qc_addons\qctracker\setup\nginx-1.27.4/temp/client_body_temp" failed (3: Le chemin d’accès spécifié est introuvable)
2025/04/18 13:51:21 [emerg] 14904#1816: CreateDirectory() "C:\Users\EDY\Desktop\qc-tracker\qc_addons\qctracker\setup\nginx-1.27.4/temp/client_body_temp" failed (3: Le chemin d’accès spécifié est introuvable)
2025/04/18 13:58:12 [emerg] 9836#14872: CreateDirectory() "C:\Users\EDY\Desktop\qc-tracker\qc_addons\qctracker\setup\nginx-1.27.4/temp/client_body_temp" failed (3: Le chemin d’accès spécifié est introuvable)
2025/04/18 14:03:06 [emerg] 12316#5692: CreateDirectory() "C:\Users\EDY\Desktop\qc-tracker\qc_addons\qctracker\setup\nginx-1.27.4/temp/client_body_temp" failed (3: Le chemin d’accès spécifié est introuvable)
2025/04/18 14:05:56 [emerg] 6432#16300: CreateDirectory() "C:\Users\EDY\Desktop\qc-tracker\qc_addons\qctracker\setup\nginx-1.27.4/temp/client_body_temp" failed (3: Le chemin d’accès spécifié est introuvable)
2025/04/18 14:08:16 [emerg] 3040#12448: CreateDirectory() "C:\Users\EDY\Desktop\qc-tracker\qc_addons\qctracker\setup\nginx-1.27.4/temp/client_body_temp" failed (3: Le chemin d’accès spécifié est introuvable)
2025/04/18 14:12:07 [emerg] 16148#1624: CreateDirectory() "C:\Users\EDY\Desktop\qc-tracker\qc_addons\qctracker\setup\nginx-1.27.4/temp/client_body_temp" failed (3: Le chemin d’accès spécifié est introuvable)
2025/04/18 14:14:50 [emerg] 12156#16328: CreateDirectory() "C:\Users\EDY\Desktop\qc-tracker\qc_addons\qctracker\setup\nginx-1.27.4/temp/client_body_temp" failed (3: Le chemin d’accès spécifié est introuvable)
2025/04/18 14:18:13 [emerg] 16056#3688: CreateDirectory() "C:\Users\EDY\Desktop\qc-tracker\qc_addons\qctracker\setup\nginx-1.27.4/temp/client_body_temp" failed (3: Le chemin d’accès spécifié est introuvable)
2025/04/18 14:21:49 [emerg] 3552#6732: CreateDirectory() "C:\Users\EDY\Desktop\qc-tracker\qc_addons\qctracker\setup\nginx-1.27.4/temp/client_body_temp" failed (3: Le chemin d’accès spécifié est introuvable)
2025/04/18 14:22:31 [emerg] 6980#11692: CreateDirectory() "C:\Users\EDY\Desktop\qc-tracker\qc_addons\qctracker\setup\nginx-1.27.4/temp/client_body_temp" failed (3: Le chemin d’accès spécifié est introuvable)
2025/04/18 14:26:32 [emerg] 6608#3024: CreateDirectory() "C:\Users\EDY\Desktop\qc-tracker\qc_addons\qctracker\setup\nginx-1.27.4/temp/client_body_temp" failed (3: Le chemin d’accès spécifié est introuvable)
2025/04/18 14:33:02 [emerg] 10264#11324: CreateDirectory() "C:\Users\EDY\Desktop\qc-tracker\qc_addons\qctracker\setup\nginx-1.27.4/temp/client_body_temp" failed (3: Le chemin d’accès spécifié est introuvable)
2025/04/19 21:00:52 [emerg] 5660#8420: CreateDirectory() "C:\Users\EDY\Desktop\qc-tracker\qc_addons\qctracker\setup\nginx-1.27.4/temp/client_body_temp" failed (3: Le chemin d’accès spécifié est introuvable)
2025/04/19 22:00:26 [emerg] 10656#13660: CreateDirectory() "C:\Users\EDY\Desktop\qc-tracker\qc_addons\qctracker\setup\nginx-1.27.4/temp/client_body_temp" failed (3: Le chemin d’accès spécifié est introuvable)
2025/04/19 22:26:35 [emerg] 11340#12232: CreateDirectory() "C:\Users\EDY\Desktop\qc-tracker\qc_addons\qctracker\setup\nginx-1.27.4/temp/client_body_temp" failed (3: Le chemin d’accès spécifié est introuvable)
2025/04/19 22:31:29 [emerg] 7256#4292: CreateDirectory() "C:\Users\EDY\Desktop\qc-tracker\qc_addons\qctracker\setup\nginx-1.27.4/temp/client_body_temp" failed (3: Le chemin d’accès spécifié est introuvable)
2025/04/20 10:17:55 [emerg] 13584#12376: CreateDirectory() "C:\Users\EDY\Desktop\qc-tracker\qc_addons\qctracker\setup\nginx-1.27.4/temp/client_body_temp" failed (3: Le chemin d’accès spécifié est introuvable)
2025/04/20 12:51:03 [emerg] 13440#8360: CreateDirectory() "C:\Users\EDY\Desktop\qc-tracker\qc_addons\qctracker\setup\nginx-1.27.4/temp/client_body_temp" failed (3: Le chemin d’accès spécifié est introuvable)
2025/04/20 20:09:02 [emerg] 3300#2216: CreateDirectory() "C:\Users\EDY\Desktop\qc-tracker\qc_addons\qctracker\setup\nginx-1.27.4/temp/client_body_temp" failed (3: Le chemin d’accès spécifié est introuvable)
2025/04/20 21:24:51 [emerg] 6932#11436: CreateDirectory() "C:\Users\EDY\Desktop\qc-tracker\qc_addons\qctracker\setup\nginx-1.27.4/temp/client_body_temp" failed (3: Le chemin d’accès spécifié est introuvable)
2025/04/20 21:27:34 [emerg] 11400#9912: CreateDirectory() "C:\Users\EDY\Desktop\qc-tracker\qc_addons\qctracker\setup\nginx-1.27.4/temp/client_body_temp" failed (3: Le chemin d’accès spécifié est introuvable)
2025/04/20 21:57:50 [emerg] 10708#8824: CreateDirectory() "C:\Users\EDY\Desktop\qc-tracker\qc_addons\qctracker\setup\nginx-1.27.4/temp/client_body_temp" failed (3: Le chemin d’accès spécifié est introuvable)
2025/04/21 09:38:45 [emerg] 10800#11972: CreateDirectory() "C:\Users\EDY\Desktop\qc-tracker\qc_addons\qctracker\setup\nginx-1.27.4/temp/client_body_temp" failed (3: Le chemin d’accès spécifié est introuvable)
2025/04/21 09:41:10 [emerg] 13760#13820: CreateDirectory() "C:\Users\EDY\Desktop\qc-tracker\qc_addons\qctracker\setup\nginx-1.27.4/temp/client_body_temp" failed (3: Le chemin d’accès spécifié est introuvable)
2025/04/21 11:35:42 [emerg] 10972#12616: CreateDirectory() "C:\Users\EDY\Desktop\qc-tracker\qc_addons\qctracker\setup\nginx-1.27.4/temp/client_body_temp" failed (3: Le chemin d’accès spécifié est introuvable)
2025/04/21 11:38:05 [emerg] 15008#13380: CreateDirectory() "C:\Users\EDY\Desktop\qc-tracker\qc_addons\qctracker\setup\nginx-1.27.4/temp/client_body_temp" failed (3: Le chemin d’accès spécifié est introuvable)
2025/04/21 11:43:22 [emerg] 7604#10652: CreateDirectory() "C:\Users\EDY\Desktop\qc-tracker\qc_addons\qctracker\setup\nginx-1.27.4/temp/client_body_temp" failed (3: Le chemin d’accès spécifié est introuvable)
2025/04/21 12:05:55 [emerg] 11988#13068: CreateDirectory() "C:\Users\EDY\Desktop\qc-tracker\qc_addons\qctracker\setup\nginx-1.27.4/temp/client_body_temp" failed (3: Le chemin d’accès spécifié est introuvable)
2025/04/21 14:24:47 [emerg] 236#11364: CreateDirectory() "C:\Users\EDY\Desktop\qc-tracker\qc_addons\qctracker\setup\nginx-1.27.4/temp/client_body_temp" failed (3: Le chemin d’accès spécifié est introuvable)
2025/04/21 14:29:41 [emerg] 14020#9032: CreateDirectory() "C:\Users\EDY\Desktop\qc-tracker\qc_addons\qctracker\setup\nginx-1.27.4/temp/client_body_temp" failed (3: Le chemin d’accès spécifié est introuvable)
2025/04/21 14:33:44 [emerg] 9464#14072: CreateDirectory() "C:\Users\EDY\Desktop\qc-tracker\qc_addons\qctracker\setup\nginx-1.27.4/temp/client_body_temp" failed (3: Le chemin d’accès spécifié est introuvable)
2025/04/21 14:42:48 [emerg] 15172#14580: CreateDirectory() "C:\Users\EDY\Desktop\qc-tracker\qc_addons\qctracker\setup\nginx-1.27.4/temp/client_body_temp" failed (3: Le chemin d’accès spécifié est introuvable)
2025/04/21 14:46:14 [emerg] 15092#2304: CreateDirectory() "C:\Users\EDY\Desktop\qc-tracker\qc_addons\qctracker\setup\nginx-1.27.4/temp/client_body_temp" failed (3: Le chemin d’accès spécifié est introuvable)
2025/04/21 14:49:59 [emerg] 12968#13956: CreateDirectory() "C:\Users\EDY\Desktop\qc-tracker\qc_addons\qctracker\setup\nginx-1.27.4/temp/client_body_temp" failed (3: Le chemin d’accès spécifié est introuvable)
2025/04/21 14:51:51 [emerg] 8308#2632: CreateDirectory() "C:\Users\EDY\Desktop\qc-tracker\qc_addons\qctracker\setup\nginx-1.27.4/temp/client_body_temp" failed (3: Le chemin d’accès spécifié est introuvable)
2025/04/21 15:07:36 [emerg] 5684#11628: CreateDirectory() "C:\Users\EDY\Desktop\qc-tracker\qc_addons\qctracker\setup\nginx-1.27.4/temp/client_body_temp" failed (3: Le chemin d’accès spécifié est introuvable)
2025/04/21 15:23:47 [emerg] 14076#11248: CreateDirectory() "C:\Users\EDY\Desktop\qc-tracker\qc_addons\qctracker\setup\nginx-1.27.4/temp/client_body_temp" failed (3: Le chemin d’accès spécifié est introuvable)
2025/04/21 15:24:39 [emerg] 2692#10048: CreateDirectory() "C:\Users\EDY\Desktop\qc-tracker\qc_addons\qctracker\setup\nginx-1.27.4/temp/client_body_temp" failed (3: Le chemin d’accès spécifié est introuvable)
2025/04/21 15:53:19 [emerg] 14348#2056: CreateDirectory() "C:\Users\EDY\Desktop\qc-tracker\qc_addons\qctracker\setup\nginx-1.27.4/temp/client_body_temp" failed (3: Le chemin d’accès spécifié est introuvable)
2025/04/21 16:01:32 [emerg] 15088#11104: CreateDirectory() "C:\Users\EDY\Desktop\qc-tracker\qc_addons\qctracker\setup\nginx-1.27.4/temp/client_body_temp" failed (3: Le chemin d’accès spécifié est introuvable)
2025/04/21 16:37:15 [emerg] 2408#7428: CreateDirectory() "C:\Users\EDY\Desktop\qc-tracker\qc_addons\qctracker\setup\nginx-1.27.4/temp/client_body_temp" failed (3: Le chemin d’accès spécifié est introuvable)
2025/04/21 16:58:30 [emerg] 11168#5712: CreateDirectory() "C:\Users\EDY\Desktop\qc-tracker\qc_addons\qctracker\setup\nginx-1.27.4/temp/client_body_temp" failed (3: Le chemin d’accès spécifié est introuvable)
2025/04/21 18:19:58 [emerg] 12276#2760: CreateDirectory() "C:\Users\EDY\Desktop\qc-tracker\qc_addons\qctracker\setup\nginx-1.27.4/temp/client_body_temp" failed (3: Le chemin d’accès spécifié est introuvable)
2025/04/21 18:52:03 [emerg] 1720#7828: CreateDirectory() "C:\Users\EDY\Desktop\qc-tracker\qc_addons\qctracker\setup\nginx-1.27.4/temp/client_body_temp" failed (3: Le chemin d’accès spécifié est introuvable)
2025/04/21 18:53:31 [emerg] 4776#5948: CreateDirectory() "C:\Users\EDY\Desktop\qc-tracker\qc_addons\qctracker\setup\nginx-1.27.4/temp/client_body_temp" failed (3: Le chemin d’accès spécifié est introuvable)
2025/04/21 18:56:33 [emerg] 3140#5652: CreateDirectory() "C:\Users\EDY\Desktop\qc-tracker\qc_addons\qctracker\setup\nginx-1.27.4/temp/client_body_temp" failed (3: Le chemin d’accès spécifié est introuvable)
2025/04/21 18:58:24 [emerg] 6988#4048: CreateDirectory() "C:\Users\EDY\Desktop\qc-tracker\qc_addons\qctracker\setup\nginx-1.27.4/temp/client_body_temp" failed (3: Le chemin d’accès spécifié est introuvable)
2025/04/21 18:59:37 [emerg] 3224#11680: CreateDirectory() "C:\Users\EDY\Desktop\qc-tracker\qc_addons\qctracker\setup\nginx-1.27.4/temp/client_body_temp" failed (3: Le chemin d’accès spécifié est introuvable)
2025/04/21 19:00:20 [emerg] 13504#6540: CreateDirectory() "C:\Users\EDY\Desktop\qc-tracker\qc_addons\qctracker\setup\nginx-1.27.4/temp/client_body_temp" failed (3: Le chemin d’accès spécifié est introuvable)
2025/04/21 19:06:54 [emerg] 12980#8444: CreateDirectory() "C:\Users\EDY\Desktop\qc-tracker\qc_addons\qctracker\setup\nginx-1.27.4/temp/client_body_temp" failed (3: Le chemin d’accès spécifié est introuvable)
2025/04/21 19:07:45 [emerg] 4776#13336: CreateDirectory() "C:\Users\EDY\Desktop\qc-tracker\qc_addons\qctracker\setup\nginx-1.27.4/temp/client_body_temp" failed (3: Le chemin d’accès spécifié est introuvable)
2025/04/21 19:23:34 [emerg] 14328#14520: CreateDirectory() "C:\Users\EDY\Desktop\qc-tracker\qc_addons\qctracker\setup\nginx-1.27.4/temp/client_body_temp" failed (3: Le chemin d’accès spécifié est introuvable)
2025/04/21 19:29:55 [emerg] 12112#14004: CreateDirectory() "C:\Users\EDY\Desktop\qc-tracker\qc_addons\qctracker\setup\nginx-1.27.4/temp/client_body_temp" failed (3: Le chemin d’accès spécifié est introuvable)
2025/04/21 19:43:13 [emerg] 10228#13816: CreateDirectory() "C:\Users\EDY\Desktop\qc-tracker\qc_addons\qctracker\setup\nginx-1.27.4/temp/client_body_temp" failed (3: Le chemin d’accès spécifié est introuvable)
2025/04/21 21:03:29 [emerg] 6472#5824: CreateDirectory() "C:\Users\EDY\Desktop\qc-tracker\qc_addons\qctracker\setup\nginx-1.27.4/temp/client_body_temp" failed (3: Le chemin d’accès spécifié est introuvable)
2025/04/21 22:17:17 [emerg] 6836#4600: CreateDirectory() "C:\Users\EDY\Desktop\qc-tracker\qc_addons\qctracker\setup\nginx-1.27.4/temp/client_body_temp" failed (3: Le chemin d’accès spécifié est introuvable)
2025/04/21 22:21:45 [emerg] 9732#7380: CreateDirectory() "C:\Users\EDY\Desktop\qc-tracker\qc_addons\qctracker\setup\nginx-1.27.4/temp/client_body_temp" failed (3: Le chemin d’accès spécifié est introuvable)
2025/04/22 10:21:40 [emerg] 6956#548: CreateDirectory() "C:\Users\EDY\Desktop\qc-tracker\qc_addons\qctracker\setup\nginx-1.27.4/temp/client_body_temp" failed (3: Le chemin d’accès spécifié est introuvable)
2025/04/22 11:17:28 [emerg] 12240#548: CreateDirectory() "C:\Users\EDY\Desktop\qc-tracker\qc_addons\qctracker\setup\nginx-1.27.4/temp/client_body_temp" failed (3: Le chemin d’accès spécifié est introuvable)
2025/04/22 13:45:17 [emerg] 9920#2308: CreateDirectory() "C:\Users\EDY\Desktop\qc-tracker\qc_addons\qctracker\setup\nginx-1.27.4/temp/client_body_temp" failed (3: Le chemin d’accès spécifié est introuvable)
2025/04/22 15:22:55 [emerg] 7844#5820: CreateDirectory() "C:\Users\EDY\Desktop\qc-tracker\qc_addons\qctracker\setup\nginx-1.27.4/temp/client_body_temp" failed (3: Le chemin d’accès spécifié est introuvable)
2025/04/22 15:45:04 [emerg] 624#6328: CreateDirectory() "C:\Users\EDY\Desktop\qc-tracker\qc_addons\qctracker\setup\nginx-1.27.4/temp/client_body_temp" failed (3: Le chemin d’accès spécifié est introuvable)
2025/04/22 20:17:10 [emerg] 10004#12580: CreateDirectory() "C:\Users\EDY\Desktop\qc-tracker\qc_addons\qctracker\setup\nginx-1.27.4/temp/client_body_temp" failed (3: Le chemin d’accès spécifié est introuvable)
2025/04/22 21:05:07 [emerg] 13660#10044: CreateDirectory() "C:\Users\EDY\Desktop\qc-tracker\qc_addons\qctracker\setup\nginx-1.27.4/temp/client_body_temp" failed (3: Le chemin d’accès spécifié est introuvable)
2025/04/22 21:49:15 [emerg] 12144#2996: CreateDirectory() "C:\Users\EDY\Desktop\qc-tracker\qc_addons\qctracker\setup\nginx-1.27.4/temp/client_body_temp" failed (3: Le chemin d’accès spécifié est introuvable)
2025/04/22 21:52:11 [emerg] 15136#8916: CreateDirectory() "C:\Users\EDY\Desktop\qc-tracker\qc_addons\qctracker\setup\nginx-1.27.4/temp/client_body_temp" failed (3: Le chemin d’accès spécifié est introuvable)
2025/04/22 21:56:18 [emerg] 8688#11528: CreateDirectory() "C:\Users\EDY\Desktop\qc-tracker\qc_addons\qctracker\setup\nginx-1.27.4/temp/client_body_temp" failed (3: Le chemin d’accès spécifié est introuvable)
2025/04/22 22:11:21 [emerg] 8892#13852: CreateDirectory() "C:\Users\EDY\Desktop\qc-tracker\qc_addons\qctracker\setup\nginx-1.27.4/temp/client_body_temp" failed (3: Le chemin d’accès spécifié est introuvable)
2025/04/22 22:14:34 [emerg] 13416#3040: CreateDirectory() "C:\Users\EDY\Desktop\qc-tracker\qc_addons\qctracker\setup\nginx-1.27.4/temp/client_body_temp" failed (3: Le chemin d’accès spécifié est introuvable)
2025/04/22 22:20:51 [emerg] 13500#10044: CreateDirectory() "C:\Users\EDY\Desktop\qc-tracker\qc_addons\qctracker\setup\nginx-1.27.4/temp/client_body_temp" failed (3: Le chemin d’accès spécifié est introuvable)
2025/04/22 22:22:02 [emerg] 12516#5216: CreateDirectory() "C:\Users\EDY\Desktop\qc-tracker\qc_addons\qctracker\setup\nginx-1.27.4/temp/client_body_temp" failed (3: Le chemin d’accès spécifié est introuvable)
2025/04/22 22:30:50 [emerg] 3408#12716: CreateDirectory() "C:\Users\EDY\Desktop\qc-tracker\qc_addons\qctracker\setup\nginx-1.27.4/temp/client_body_temp" failed (3: Le chemin d’accès spécifié est introuvable)
2025/04/22 22:37:33 [emerg] 8304#1500: CreateDirectory() "C:\Users\EDY\Desktop\qc-tracker\qc_addons\qctracker\setup\nginx-1.27.4/temp/client_body_temp" failed (3: Le chemin d’accès spécifié est introuvable)
2025/04/22 22:41:55 [emerg] 9268#8800: CreateDirectory() "C:\Users\EDY\Desktop\qc-tracker\qc_addons\qctracker\setup\nginx-1.27.4/temp/client_body_temp" failed (3: Le chemin d’accès spécifié est introuvable)
2025/04/22 22:56:00 [emerg] 9516#3036: CreateDirectory() "C:\Users\EDY\Desktop\qc-tracker\qc_addons\qctracker\setup\nginx-1.27.4/temp/client_body_temp" failed (3: Le chemin d’accès spécifié est introuvable)
2025/04/22 23:11:03 [emerg] 7152#12964: CreateDirectory() "C:\Users\EDY\Desktop\qc-tracker\qc_addons\qctracker\setup\nginx-1.27.4/temp/client_body_temp" failed (3: Le chemin d’accès spécifié est introuvable)
2025/04/22 23:12:14 [emerg] 10968#1452: CreateDirectory() "C:\Users\EDY\Desktop\qc-tracker\qc_addons\qctracker\setup\nginx-1.27.4/temp/client_body_temp" failed (3: Le chemin d’accès spécifié est introuvable)
2025/04/22 23:13:01 [emerg] 7028#14100: CreateDirectory() "C:\Users\EDY\Desktop\qc-tracker\qc_addons\qctracker\setup\nginx-1.27.4/temp/client_body_temp" failed (3: Le chemin d’accès spécifié est introuvable)
2025/04/22 23:17:36 [emerg] 2724#15316: CreateDirectory() "C:\Users\EDY\Desktop\qc-tracker\qc_addons\qctracker\setup\nginx-1.27.4/temp/client_body_temp" failed (3: Le chemin d’accès spécifié est introuvable)
2025/04/22 23:39:06 [emerg] 5996#12120: CreateDirectory() "C:\Users\EDY\Desktop\qc-tracker\qc_addons\qctracker\setup\nginx-1.27.4/temp/client_body_temp" failed (3: Le chemin d’accès spécifié est introuvable)
2025/04/22 23:40:43 [emerg] 10752#14624: CreateDirectory() "C:\Users\EDY\Desktop\qc-tracker\qc_addons\qctracker\setup\nginx-1.27.4/temp/client_body_temp" failed (3: Le chemin d’accès spécifié est introuvable)
2025/04/22 23:45:29 [emerg] 7576#11804: CreateDirectory() "C:\Users\EDY\Desktop\qc-tracker\qc_addons\qctracker\setup\nginx-1.27.4/temp/client_body_temp" failed (3: Le chemin d’accès spécifié est introuvable)
2025/04/22 23:48:44 [emerg] 4744#7120: CreateDirectory() "C:\Users\EDY\Desktop\qc-tracker\qc_addons\qctracker\setup\nginx-1.27.4/temp/client_body_temp" failed (3: Le chemin d’accès spécifié est introuvable)
2025/04/22 23:52:30 [emerg] 14824#11136: CreateDirectory() "C:\Users\EDY\Desktop\qc-tracker\qc_addons\qctracker\setup\nginx-1.27.4/temp/client_body_temp" failed (3: Le chemin d’accès spécifié est introuvable)
2025/04/22 23:54:02 [emerg] 11096#6512: CreateDirectory() "C:\Users\EDY\Desktop\qc-tracker\qc_addons\qctracker\setup\nginx-1.27.4/temp/client_body_temp" failed (3: Le chemin d’accès spécifié est introuvable)
2025/04/22 23:56:51 [emerg] 6568#8380: CreateDirectory() "C:\Users\EDY\Desktop\qc-tracker\qc_addons\qctracker\setup\nginx-1.27.4/temp/client_body_temp" failed (3: Le chemin d’accès spécifié est introuvable)
2025/04/23 00:02:03 [emerg] 12272#13228: CreateDirectory() "C:\Users\EDY\Desktop\qc-tracker\qc_addons\qctracker\setup\nginx-1.27.4/temp/client_body_temp" failed (3: Le chemin d’accès spécifié est introuvable)
2025/04/23 00:04:18 [emerg] 12576#12768: CreateDirectory() "C:\Users\EDY\Desktop\qc-tracker\qc_addons\qctracker\setup\nginx-1.27.4/temp/client_body_temp" failed (3: Le chemin d’accès spécifié est introuvable)
2025/04/23 09:45:51 [emerg] 12088#9316: CreateDirectory() "C:\Users\EDY\Desktop\qc-tracker\qc_addons\qctracker\setup\nginx-1.27.4/temp/client_body_temp" failed (3: Le chemin d’accès spécifié est introuvable)
2025/04/23 10:45:06 [emerg] 2992#8380: CreateDirectory() "C:\Users\EDY\Desktop\qc-tracker\qc_addons\qctracker\setup\nginx-1.27.4/temp/client_body_temp" failed (3: Le chemin d’accès spécifié est introuvable)
2025/04/23 10:48:27 [emerg] 9280#10648: CreateDirectory() "C:\Users\EDY\Desktop\qc-tracker\qc_addons\qctracker\setup\nginx-1.27.4/temp/client_body_temp" failed (3: Le chemin d’accès spécifié est introuvable)
2025/04/23 10:50:11 [emerg] 2124#11888: CreateDirectory() "C:\Users\EDY\Desktop\qc-tracker\qc_addons\qctracker\setup\nginx-1.27.4/temp/client_body_temp" failed (3: Le chemin d’accès spécifié est introuvable)
2025/04/23 11:01:43 [emerg] 8512#14736: CreateDirectory() "C:\Users\EDY\Desktop\qc-tracker\qc_addons\qctracker\setup\nginx-1.27.4/temp/client_body_temp" failed (3: Le chemin d’accès spécifié est introuvable)
2025/04/23 11:25:13 [emerg] 12264#14916: CreateDirectory() "C:\Users\EDY\Desktop\qc-tracker\qc_addons\qctracker\setup\nginx-1.27.4/temp/client_body_temp" failed (3: Le chemin d’accès spécifié est introuvable)
2025/04/23 11:39:50 [emerg] 3376#1016: CreateDirectory() "C:\Users\EDY\Desktop\qc-tracker\qc_addons\qctracker\setup\nginx-1.27.4/temp/client_body_temp" failed (3: Le chemin d’accès spécifié est introuvable)
2025/04/23 11:52:41 [emerg] 9452#12624: CreateDirectory() "C:\Users\EDY\Desktop\qc-tracker\qc_addons\qctracker\setup\nginx-1.27.4/temp/client_body_temp" failed (3: Le chemin d’accès spécifié est introuvable)
2025/04/23 12:37:22 [emerg] 15256#1232: CreateDirectory() "C:\Users\EDY\Desktop\qc-tracker\qc_addons\qctracker\setup\nginx-1.27.4/temp/client_body_temp" failed (3: Le chemin d’accès spécifié est introuvable)
2025/04/23 13:10:43 [emerg] 7788#12536: CreateDirectory() "C:\Users\EDY\Desktop\qc-tracker\qc_addons\qctracker\setup\nginx-1.27.4/temp/client_body_temp" failed (3: Le chemin d’accès spécifié est introuvable)
2025/04/23 14:18:44 [emerg] 14240#7624: CreateDirectory() "C:\Users\EDY\Desktop\qc-tracker\qc_addons\qctracker\setup\nginx-1.27.4/temp/client_body_temp" failed (3: Le chemin d’accès spécifié est introuvable)
2025/04/23 14:33:36 [emerg] 15040#3932: CreateDirectory() "C:\Users\EDY\Desktop\qc-tracker\qc_addons\qctracker\setup\nginx-1.27.4/temp/client_body_temp" failed (3: Le chemin d’accès spécifié est introuvable)
2025/04/23 14:38:03 [emerg] 4620#13304: CreateDirectory() "C:\Users\EDY\Desktop\qc-tracker\qc_addons\qctracker\setup\nginx-1.27.4/temp/client_body_temp" failed (3: Le chemin d’accès spécifié est introuvable)
2025/04/23 14:44:43 [emerg] 3180#10128: CreateDirectory() "C:\Users\EDY\Desktop\qc-tracker\qc_addons\qctracker\setup\nginx-1.27.4/temp/client_body_temp" failed (3: Le chemin d’accès spécifié est introuvable)
2025/04/23 14:46:12 [emerg] 9832#11080: CreateDirectory() "C:\Users\EDY\Desktop\qc-tracker\qc_addons\qctracker\setup\nginx-1.27.4/temp/client_body_temp" failed (3: Le chemin d’accès spécifié est introuvable)
2025/04/23 14:48:14 [emerg] 4688#10116: CreateDirectory() "C:\Users\EDY\Desktop\qc-tracker\qc_addons\qctracker\setup\nginx-1.27.4/temp/client_body_temp" failed (3: Le chemin d’accès spécifié est introuvable)
2025/04/23 14:51:15 [emerg] 11800#14240: CreateDirectory() "C:\Users\EDY\Desktop\qc-tracker\qc_addons\qctracker\setup\nginx-1.27.4/temp/client_body_temp" failed (3: Le chemin d’accès spécifié est introuvable)
2025/04/23 15:31:07 [emerg] 4456#12700: CreateDirectory() "C:\Users\EDY\Desktop\qc-tracker\qc_addons\qctracker\setup\nginx-1.27.4/temp/client_body_temp" failed (3: Le chemin d’accès spécifié est introuvable)
2025/04/23 15:44:30 [emerg] 14784#7624: CreateDirectory() "C:\Users\EDY\Desktop\qc-tracker\qc_addons\qctracker\setup\nginx-1.27.4/temp/client_body_temp" failed (3: Le chemin d’accès spécifié est introuvable)
2025/04/23 20:09:22 [emerg] 9872#7060: CreateDirectory() "C:\Users\EDY\Desktop\qc-tracker\qc_addons\qctracker\setup\nginx-1.27.4/temp/client_body_temp" failed (3: Le chemin d’accès spécifié est introuvable)
2025/04/24 08:58:18 [emerg] 7828#2080: CreateDirectory() "C:\Users\EDY\Desktop\qc-tracker\qc_addons\qctracker\setup\nginx-1.27.4/temp/client_body_temp" failed (3: Le chemin d’accès spécifié est introuvable)
2025/04/24 10:04:38 [emerg] 10940#2468: CreateDirectory() "C:\Users\EDY\Desktop\qc-tracker\qc_addons\qctracker\setup\nginx-1.27.4/temp/client_body_temp" failed (3: Le chemin d’accès spécifié est introuvable)
2025/04/24 10:07:11 [emerg] 10944#15120: CreateDirectory() "C:\Users\EDY\Desktop\qc-tracker\qc_addons\qctracker\setup\nginx-1.27.4/temp/client_body_temp" failed (3: Le chemin d’accès spécifié est introuvable)
2025/04/24 15:41:31 [emerg] 1496#13940: CreateDirectory() "C:\Users\EDY\Desktop\qc-tracker\qc_addons\qctracker\setup\nginx-1.27.4/temp/client_body_temp" failed (3: Le chemin d’accès spécifié est introuvable)
2025/04/24 15:54:57 [emerg] 14860#1272: CreateDirectory() "C:\Users\EDY\Desktop\qc-tracker\qc_addons\qctracker\setup\nginx-1.27.4/temp/client_body_temp" failed (3: Le chemin d’accès spécifié est introuvable)
2025/04/24 17:12:01 [emerg] 11140#5988: CreateDirectory() "C:\Users\EDY\Desktop\qc-tracker\qc_addons\qctracker\setup\nginx-1.27.4/temp/client_body_temp" failed (3: Le chemin d’accès spécifié est introuvable)
2025/04/25 09:16:49 [emerg] 2860#12292: CreateDirectory() "C:\Users\EDY\Desktop\qc-tracker\qc_addons\qctracker\setup\nginx-1.27.4/temp/client_body_temp" failed (3: Le chemin d’accès spécifié est introuvable)
2025/04/25 13:13:14 [emerg] 10684#8060: CreateDirectory() "C:\Users\EDY\Desktop\qc-tracker\qc_addons\qctracker\setup\nginx-1.27.4/temp/client_body_temp" failed (3: Le chemin d’accès spécifié est introuvable)
2025/04/25 14:09:46 [emerg] 6208#2476: CreateDirectory() "C:\Users\EDY\Desktop\qc-tracker\qc_addons\qctracker\setup\nginx-1.27.4/temp/client_body_temp" failed (3: Le chemin d’accès spécifié est introuvable)
2025/04/25 17:11:30 [emerg] 7444#8660: CreateDirectory() "C:\Users\EDY\Desktop\qc-tracker\qc_addons\qctracker\setup\nginx-1.27.4/temp/client_body_temp" failed (3: Le chemin d’accès spécifié est introuvable)
2025/04/25 17:14:06 [emerg] 1812#2480: CreateDirectory() "C:\Users\EDY\Desktop\qc-tracker\qc_addons\qctracker\setup\nginx-1.27.4/temp/client_body_temp" failed (3: Le chemin d’accès spécifié est introuvable)
2025/04/25 17:57:55 [emerg] 6916#10556: CreateDirectory() "C:\Users\EDY\Desktop\qc-tracker\qc_addons\qctracker\setup\nginx-1.27.4/temp/client_body_temp" failed (3: Le chemin d’accès spécifié est introuvable)
2025/04/25 18:04:01 [emerg] 8700#1048: CreateDirectory() "C:\Users\EDY\Desktop\qc-tracker\qc_addons\qctracker\setup\nginx-1.27.4/temp/client_body_temp" failed (3: Le chemin d’accès spécifié est introuvable)
2025/04/25 18:08:02 [emerg] 10156#12708: CreateDirectory() "C:\Users\EDY\Desktop\qc-tracker\qc_addons\qctracker\setup\nginx-1.27.4/temp/client_body_temp" failed (3: Le chemin d’accès spécifié est introuvable)
2025/04/25 18:13:13 [emerg] 14312#10788: CreateDirectory() "C:\Users\EDY\Desktop\qc-tracker\qc_addons\qctracker\setup\nginx-1.27.4/temp/client_body_temp" failed (3: Le chemin d’accès spécifié est introuvable)
2025/04/25 18:17:00 [emerg] 4428#2640: CreateDirectory() "C:\Users\EDY\Desktop\qc-tracker\qc_addons\qctracker\setup\nginx-1.27.4/temp/client_body_temp" failed (3: Le chemin d’accès spécifié est introuvable)
2025/04/25 18:18:58 [emerg] 11200#9360: CreateDirectory() "C:\Users\EDY\Desktop\qc-tracker\qc_addons\qctracker\setup\nginx-1.27.4/temp/client_body_temp" failed (3: Le chemin d’accès spécifié est introuvable)
2025/04/25 18:20:44 [emerg] 6408#12656: CreateDirectory() "C:\Users\EDY\Desktop\qc-tracker\qc_addons\qctracker\setup\nginx-1.27.4/temp/client_body_temp" failed (3: Le chemin d’accès spécifié est introuvable)
2025/04/25 18:22:30 [emerg] 8120#6380: CreateDirectory() "C:\Users\EDY\Desktop\qc-tracker\qc_addons\qctracker\setup\nginx-1.27.4/temp/client_body_temp" failed (3: Le chemin d’accès spécifié est introuvable)
2025/04/25 18:25:04 [emerg] 3792#13552: CreateDirectory() "C:\Users\EDY\Desktop\qc-tracker\qc_addons\qctracker\setup\nginx-1.27.4/temp/client_body_temp" failed (3: Le chemin d’accès spécifié est introuvable)
2025/04/25 18:28:32 [emerg] 12852#1048: CreateDirectory() "C:\Users\EDY\Desktop\qc-tracker\qc_addons\qctracker\setup\nginx-1.27.4/temp/client_body_temp" failed (3: Le chemin d’accès spécifié est introuvable)
2025/04/25 18:30:45 [emerg] 2320#10344: CreateDirectory() "C:\Users\EDY\Desktop\qc-tracker\qc_addons\qctracker\setup\nginx-1.27.4/temp/client_body_temp" failed (3: Le chemin d’accès spécifié est introuvable)
2025/04/25 18:33:24 [emerg] 5056#10936: CreateDirectory() "C:\Users\EDY\Desktop\qc-tracker\qc_addons\qctracker\setup\nginx-1.27.4/temp/client_body_temp" failed (3: Le chemin d’accès spécifié est introuvable)
2025/04/25 18:35:07 [emerg] 4356#8576: CreateDirectory() "C:\Users\EDY\Desktop\qc-tracker\qc_addons\qctracker\setup\nginx-1.27.4/temp/client_body_temp" failed (3: Le chemin d’accès spécifié est introuvable)
2025/04/25 18:37:18 [emerg] 3356#12408: CreateDirectory() "C:\Users\EDY\Desktop\qc-tracker\qc_addons\qctracker\setup\nginx-1.27.4/temp/client_body_temp" failed (3: Le chemin d’accès spécifié est introuvable)
2025/04/25 18:38:40 [emerg] 5596#12884: CreateDirectory() "C:\Users\EDY\Desktop\qc-tracker\qc_addons\qctracker\setup\nginx-1.27.4/temp/client_body_temp" failed (3: Le chemin d’accès spécifié est introuvable)
2025/04/25 18:40:19 [emerg] 12920#14284: CreateDirectory() "C:\Users\EDY\Desktop\qc-tracker\qc_addons\qctracker\setup\nginx-1.27.4/temp/client_body_temp" failed (3: Le chemin d’accès spécifié est introuvable)
2025/04/25 18:41:35 [emerg] 13544#8900: CreateDirectory() "C:\Users\EDY\Desktop\qc-tracker\qc_addons\qctracker\setup\nginx-1.27.4/temp/client_body_temp" failed (3: Le chemin d’accès spécifié est introuvable)
2025/04/25 18:43:20 [emerg] 13464#14312: CreateDirectory() "C:\Users\EDY\Desktop\qc-tracker\qc_addons\qctracker\setup\nginx-1.27.4/temp/client_body_temp" failed (3: Le chemin d’accès spécifié est introuvable)
2025/04/25 18:45:14 [emerg] 956#8964: CreateDirectory() "C:\Users\EDY\Desktop\qc-tracker\qc_addons\qctracker\setup\nginx-1.27.4/temp/client_body_temp" failed (3: Le chemin d’accès spécifié est introuvable)
2025/04/25 18:46:46 [emerg] 4108#8236: CreateDirectory() "C:\Users\EDY\Desktop\qc-tracker\qc_addons\qctracker\setup\nginx-1.27.4/temp/client_body_temp" failed (3: Le chemin d’accès spécifié est introuvable)
2025/04/25 20:06:46 [emerg] 8148#8640: CreateDirectory() "C:\Users\EDY\Desktop\qc-tracker\qc_addons\qctracker\setup\nginx-1.27.4/temp/client_body_temp" failed (3: Le chemin d’accès spécifié est introuvable)
2025/04/25 20:12:14 [emerg] 8040#11424: CreateDirectory() "C:\Users\EDY\Desktop\qc-tracker\qc_addons\qctracker\setup\nginx-1.27.4/temp/client_body_temp" failed (3: Le chemin d’accès spécifié est introuvable)
2025/04/25 20:19:18 [emerg] 13168#11640: CreateDirectory() "C:\Users\EDY\Desktop\qc-tracker\qc_addons\qctracker\setup\nginx-1.27.4/temp/client_body_temp" failed (3: Le chemin d’accès spécifié est introuvable)
2025/04/25 20:21:40 [emerg] 5500#1356: CreateDirectory() "C:\Users\EDY\Desktop\qc-tracker\qc_addons\qctracker\setup\nginx-1.27.4/temp/client_body_temp" failed (3: Le chemin d’accès spécifié est introuvable)
2025/04/25 20:23:49 [emerg] 2524#3688: CreateDirectory() "C:\Users\EDY\Desktop\qc-tracker\qc_addons\qctracker\setup\nginx-1.27.4/temp/client_body_temp" failed (3: Le chemin d’accès spécifié est introuvable)
2025/04/25 20:25:29 [emerg] 9272#3476: CreateDirectory() "C:\Users\EDY\Desktop\qc-tracker\qc_addons\qctracker\setup\nginx-1.27.4/temp/client_body_temp" failed (3: Le chemin d’accès spécifié est introuvable)
2025/04/25 20:27:01 [emerg] 13680#9208: CreateDirectory() "C:\Users\EDY\Desktop\qc-tracker\qc_addons\qctracker\setup\nginx-1.27.4/temp/client_body_temp" failed (3: Le chemin d’accès spécifié est introuvable)
2025/04/25 20:29:55 [emerg] 236#1208: CreateDirectory() "C:\Users\EDY\Desktop\qc-tracker\qc_addons\qctracker\setup\nginx-1.27.4/temp/client_body_temp" failed (3: Le chemin d’accès spécifié est introuvable)
2025/04/25 20:31:30 [emerg] 6704#1356: CreateDirectory() "C:\Users\EDY\Desktop\qc-tracker\qc_addons\qctracker\setup\nginx-1.27.4/temp/client_body_temp" failed (3: Le chemin d’accès spécifié est introuvable)
2025/04/25 20:33:07 [emerg] 13788#10412: CreateDirectory() "C:\Users\EDY\Desktop\qc-tracker\qc_addons\qctracker\setup\nginx-1.27.4/temp/client_body_temp" failed (3: Le chemin d’accès spécifié est introuvable)
2025/04/25 20:35:28 [emerg] 10888#10000: CreateDirectory() "C:\Users\EDY\Desktop\qc-tracker\qc_addons\qctracker\setup\nginx-1.27.4/temp/client_body_temp" failed (3: Le chemin d’accès spécifié est introuvable)
2025/04/25 20:36:47 [emerg] 4568#4364: CreateDirectory() "C:\Users\EDY\Desktop\qc-tracker\qc_addons\qctracker\setup\nginx-1.27.4/temp/client_body_temp" failed (3: Le chemin d’accès spécifié est introuvable)
2025/04/25 20:40:24 [emerg] 11300#9208: CreateDirectory() "C:\Users\EDY\Desktop\qc-tracker\qc_addons\qctracker\setup\nginx-1.27.4/temp/client_body_temp" failed (3: Le chemin d’accès spécifié est introuvable)
2025/04/25 20:43:12 [emerg] 13924#7656: CreateDirectory() "C:\Users\EDY\Desktop\qc-tracker\qc_addons\qctracker\setup\nginx-1.27.4/temp/client_body_temp" failed (3: Le chemin d’accès spécifié est introuvable)
2025/04/25 20:45:20 [emerg] 10576#1404: CreateDirectory() "C:\Users\EDY\Desktop\qc-tracker\qc_addons\qctracker\setup\nginx-1.27.4/temp/client_body_temp" failed (3: Le chemin d’accès spécifié est introuvable)
2025/04/25 20:46:26 [emerg] 6524#12044: CreateDirectory() "C:\Users\EDY\Desktop\qc-tracker\qc_addons\qctracker\setup\nginx-1.27.4/temp/client_body_temp" failed (3: Le chemin d’accès spécifié est introuvable)
2025/04/25 20:48:52 [emerg] 5200#3052: CreateDirectory() "C:\Users\EDY\Desktop\qc-tracker\qc_addons\qctracker\setup\nginx-1.27.4/temp/client_body_temp" failed (3: Le chemin d’accès spécifié est introuvable)
2025/04/25 20:51:36 [emerg] 14124#6784: CreateDirectory() "C:\Users\EDY\Desktop\qc-tracker\qc_addons\qctracker\setup\nginx-1.27.4/temp/client_body_temp" failed (3: Le chemin d’accès spécifié est introuvable)
2025/04/25 20:54:03 [emerg] 10172#11804: CreateDirectory() "C:\Users\EDY\Desktop\qc-tracker\qc_addons\qctracker\setup\nginx-1.27.4/temp/client_body_temp" failed (3: Le chemin d’accès spécifié est introuvable)
2025/04/25 20:55:23 [emerg] 7504#7760: CreateDirectory() "C:\Users\EDY\Desktop\qc-tracker\qc_addons\qctracker\setup\nginx-1.27.4/temp/client_body_temp" failed (3: Le chemin d’accès spécifié est introuvable)
2025/04/25 20:57:39 [emerg] 1556#8788: CreateDirectory() "C:\Users\EDY\Desktop\qc-tracker\qc_addons\qctracker\setup\nginx-1.27.4/temp/client_body_temp" failed (3: Le chemin d’accès spécifié est introuvable)
2025/04/25 20:59:51 [emerg] 9708#2476: CreateDirectory() "C:\Users\EDY\Desktop\qc-tracker\qc_addons\qctracker\setup\nginx-1.27.4/temp/client_body_temp" failed (3: Le chemin d’accès spécifié est introuvable)
2025/04/25 21:01:48 [emerg] 2460#10480: CreateDirectory() "C:\Users\EDY\Desktop\qc-tracker\qc_addons\qctracker\setup\nginx-1.27.4/temp/client_body_temp" failed (3: Le chemin d’accès spécifié est introuvable)
2025/04/25 21:06:58 [emerg] 7704#8108: CreateDirectory() "C:\Users\EDY\Desktop\qc-tracker\qc_addons\qctracker\setup\nginx-1.27.4/temp/client_body_temp" failed (3: Le chemin d’accès spécifié est introuvable)
2025/04/25 21:11:36 [emerg] 9632#1276: CreateDirectory() "C:\Users\EDY\Desktop\qc-tracker\qc_addons\qctracker\setup\nginx-1.27.4/temp/client_body_temp" failed (3: Le chemin d’accès spécifié est introuvable)
2025/04/25 21:13:19 [emerg] 612#7060: CreateDirectory() "C:\Users\EDY\Desktop\qc-tracker\qc_addons\qctracker\setup\nginx-1.27.4/temp/client_body_temp" failed (3: Le chemin d’accès spécifié est introuvable)
2025/04/25 21:16:37 [emerg] 9712#12864: CreateDirectory() "C:\Users\EDY\Desktop\qc-tracker\qc_addons\qctracker\setup\nginx-1.27.4/temp/client_body_temp" failed (3: Le chemin d’accès spécifié est introuvable)
2025/04/25 21:18:45 [emerg] 4336#11324: CreateDirectory() "C:\Users\EDY\Desktop\qc-tracker\qc_addons\qctracker\setup\nginx-1.27.4/temp/client_body_temp" failed (3: Le chemin d’accès spécifié est introuvable)
2025/04/25 21:21:51 [emerg] 5516#7664: CreateDirectory() "C:\Users\EDY\Desktop\qc-tracker\qc_addons\qctracker\setup\nginx-1.27.4/temp/client_body_temp" failed (3: Le chemin d’accès spécifié est introuvable)
2025/04/25 21:24:03 [emerg] 6228#4568: CreateDirectory() "C:\Users\EDY\Desktop\qc-tracker\qc_addons\qctracker\setup\nginx-1.27.4/temp/client_body_temp" failed (3: Le chemin d’accès spécifié est introuvable)
2025/04/25 21:25:50 [emerg] 10860#11456: CreateDirectory() "C:\Users\EDY\Desktop\qc-tracker\qc_addons\qctracker\setup\nginx-1.27.4/temp/client_body_temp" failed (3: Le chemin d’accès spécifié est introuvable)
2025/04/25 21:28:22 [emerg] 11348#6444: CreateDirectory() "C:\Users\EDY\Desktop\qc-tracker\qc_addons\qctracker\setup\nginx-1.27.4/temp/client_body_temp" failed (3: Le chemin d’accès spécifié est introuvable)
2025/04/25 21:30:57 [emerg] 9264#5036: CreateDirectory() "C:\Users\EDY\Desktop\qc-tracker\qc_addons\qctracker\setup\nginx-1.27.4/temp/client_body_temp" failed (3: Le chemin d’accès spécifié est introuvable)
2025/04/25 21:32:15 [emerg] 11308#11484: CreateDirectory() "C:\Users\EDY\Desktop\qc-tracker\qc_addons\qctracker\setup\nginx-1.27.4/temp/client_body_temp" failed (3: Le chemin d’accès spécifié est introuvable)
2025/04/25 21:35:22 [emerg] 12940#12824: CreateDirectory() "C:\Users\EDY\Desktop\qc-tracker\qc_addons\qctracker\setup\nginx-1.27.4/temp/client_body_temp" failed (3: Le chemin d’accès spécifié est introuvable)
2025/04/25 21:37:47 [emerg] 8032#6056: CreateDirectory() "C:\Users\EDY\Desktop\qc-tracker\qc_addons\qctracker\setup\nginx-1.27.4/temp/client_body_temp" failed (3: Le chemin d’accès spécifié est introuvable)
2025/04/25 21:44:03 [emerg] 3860#4884: CreateDirectory() "C:\Users\EDY\Desktop\qc-tracker\qc_addons\qctracker\setup\nginx-1.27.4/temp/client_body_temp" failed (3: Le chemin d’accès spécifié est introuvable)
2025/04/26 08:24:20 [emerg] 9536#7568: CreateDirectory() "C:\Users\EDY\Desktop\qc-tracker\qc_addons\qctracker\setup\nginx-1.27.4/temp/client_body_temp" failed (3: Le chemin d’accès spécifié est introuvable)
2025/04/26 11:21:14 [emerg] 11176#10692: CreateDirectory() "C:\Users\EDY\Desktop\qc-tracker\qc_addons\qctracker\setup\nginx-1.27.4/temp/client_body_temp" failed (3: Le chemin d’accès spécifié est introuvable)
2025/04/26 20:18:17 [emerg] 4700#5476: CreateDirectory() "C:\Users\EDY\Desktop\qc-tracker\qc_addons\qctracker\setup\nginx-1.27.4/temp/client_body_temp" failed (3: Le chemin d’accès spécifié est introuvable)
2025/04/27 11:11:01 [emerg] 12008#10424: CreateDirectory() "C:\Users\EDY\Desktop\qc-tracker\qc_addons\qctracker\setup\nginx-1.27.4/temp/client_body_temp" failed (3: Le chemin d’accès spécifié est introuvable)
2025/04/28 09:12:39 [emerg] 9268#2956: CreateDirectory() "C:\Users\EDY\Desktop\qc-tracker\qc_addons\qctracker\setup\nginx-1.27.4/temp/client_body_temp" failed (3: Le chemin d’accès spécifié est introuvable)
2025/04/28 09:51:23 [emerg] 13020#9228: CreateDirectory() "C:\Users\EDY\Desktop\qc-tracker\qc_addons\qctracker\setup\nginx-1.27.4/temp/client_body_temp" failed (3: Le chemin d’accès spécifié est introuvable)
2025/04/28 09:53:23 [emerg] 12084#13788: CreateDirectory() "C:\Users\EDY\Desktop\qc-tracker\qc_addons\qctracker\setup\nginx-1.27.4/temp/client_body_temp" failed (3: Le chemin d’accès spécifié est introuvable)
2025/04/28 14:41:43 [emerg] 11684#8496: CreateDirectory() "C:\Users\EDY\Desktop\qc-tracker\qc_addons\qctracker\setup\nginx-1.27.4/temp/client_body_temp" failed (3: Le chemin d’accès spécifié est introuvable)
2025/04/28 14:47:18 [emerg] 10668#13792: CreateDirectory() "C:\Users\EDY\Desktop\qc-tracker\qc_addons\qctracker\setup\nginx-1.27.4/temp/client_body_temp" failed (3: Le chemin d’accès spécifié est introuvable)
2025/04/28 14:48:56 [emerg] 5292#2240: CreateDirectory() "C:\Users\EDY\Desktop\qc-tracker\qc_addons\qctracker\setup\nginx-1.27.4/temp/client_body_temp" failed (3: Le chemin d’accès spécifié est introuvable)
2025/04/28 14:50:52 [emerg] 14108#9028: CreateDirectory() "C:\Users\EDY\Desktop\qc-tracker\qc_addons\qctracker\setup\nginx-1.27.4/temp/client_body_temp" failed (3: Le chemin d’accès spécifié est introuvable)
2025/04/28 14:55:59 [emerg] 5576#2868: CreateDirectory() "C:\Users\EDY\Desktop\qc-tracker\qc_addons\qctracker\setup\nginx-1.27.4/temp/client_body_temp" failed (3: Le chemin d’accès spécifié est introuvable)
2025/04/28 15:02:41 [emerg] 14000#3400: CreateDirectory() "C:\Users\EDY\Desktop\qc-tracker\qc_addons\qctracker\setup\nginx-1.27.4/temp/client_body_temp" failed (3: Le chemin d’accès spécifié est introuvable)
2025/04/28 15:05:33 [emerg] 7944#7336: CreateDirectory() "C:\Users\EDY\Desktop\qc-tracker\qc_addons\qctracker\setup\nginx-1.27.4/temp/client_body_temp" failed (3: Le chemin d’accès spécifié est introuvable)
2025/04/28 15:45:05 [emerg] 4696#7464: CreateDirectory() "C:\Users\EDY\Desktop\qc-tracker\qc_addons\qctracker\setup\nginx-1.27.4/temp/client_body_temp" failed (3: Le chemin d’accès spécifié est introuvable)
2025/04/28 15:51:16 [emerg] 5708#5224: CreateDirectory() "C:\Users\EDY\Desktop\qc-tracker\qc_addons\qctracker\setup\nginx-1.27.4/temp/client_body_temp" failed (3: Le chemin d’accès spécifié est introuvable)
2025/04/28 16:00:57 [emerg] 7756#9616: CreateDirectory() "C:\Users\EDY\Desktop\qc-tracker\qc_addons\qctracker\setup\nginx-1.27.4/temp/client_body_temp" failed (3: Le chemin d’accès spécifié est introuvable)
2025/04/28 16:02:11 [emerg] 11380#3732: CreateDirectory() "C:\Users\EDY\Desktop\qc-tracker\qc_addons\qctracker\setup\nginx-1.27.4/temp/client_body_temp" failed (3: Le chemin d’accès spécifié est introuvable)
2025/04/28 16:29:17 [emerg] 7336#7740: CreateDirectory() "C:\Users\EDY\Desktop\qc-tracker\qc_addons\qctracker\setup\nginx-1.27.4/temp/client_body_temp" failed (3: Le chemin d’accès spécifié est introuvable)
2025/04/28 16:38:16 [emerg] 532#14132: CreateDirectory() "C:\Users\EDY\Desktop\qc-tracker\qc_addons\qctracker\setup\nginx-1.27.4/temp/client_body_temp" failed (3: Le chemin d’accès spécifié est introuvable)
2025/04/28 16:40:39 [emerg] 2816#10572: CreateDirectory() "C:\Users\EDY\Desktop\qc-tracker\qc_addons\qctracker\setup\nginx-1.27.4/temp/client_body_temp" failed (3: Le chemin d’accès spécifié est introuvable)
2025/04/28 16:42:24 [emerg] 4548#9564: CreateDirectory() "C:\Users\EDY\Desktop\qc-tracker\qc_addons\qctracker\setup\nginx-1.27.4/temp/client_body_temp" failed (3: Le chemin d’accès spécifié est introuvable)
2025/04/28 16:45:25 [emerg] 7560#10092: CreateDirectory() "C:\Users\EDY\Desktop\qc-tracker\qc_addons\qctracker\setup\nginx-1.27.4/temp/client_body_temp" failed (3: Le chemin d’accès spécifié est introuvable)
2025/04/28 16:47:52 [emerg] 12152#13152: CreateDirectory() "C:\Users\EDY\Desktop\qc-tracker\qc_addons\qctracker\setup\nginx-1.27.4/temp/client_body_temp" failed (3: Le chemin d’accès spécifié est introuvable)
2025/04/28 16:56:47 [emerg] 7740#10200: CreateDirectory() "C:\Users\EDY\Desktop\qc-tracker\qc_addons\qctracker\setup\nginx-1.27.4/temp/client_body_temp" failed (3: Le chemin d’accès spécifié est introuvable)
2025/04/28 17:01:18 [emerg] 8920#1740: CreateDirectory() "C:\Users\EDY\Desktop\qc-tracker\qc_addons\qctracker\setup\nginx-1.27.4/temp/client_body_temp" failed (3: Le chemin d’accès spécifié est introuvable)
2025/04/28 17:04:17 [emerg] 9556#13972: CreateDirectory() "C:\Users\EDY\Desktop\qc-tracker\qc_addons\qctracker\setup\nginx-1.27.4/temp/client_body_temp" failed (3: Le chemin d’accès spécifié est introuvable)
2025/04/28 17:07:00 [emerg] 1400#10868: CreateDirectory() "C:\Users\EDY\Desktop\qc-tracker\qc_addons\qctracker\setup\nginx-1.27.4/temp/client_body_temp" failed (3: Le chemin d’accès spécifié est introuvable)
2025/04/28 17:07:54 [emerg] 8060#14064: CreateDirectory() "C:\Users\EDY\Desktop\qc-tracker\qc_addons\qctracker\setup\nginx-1.27.4/temp/client_body_temp" failed (3: Le chemin d’accès spécifié est introuvable)
2025/04/28 17:09:57 [emerg] 8652#10232: CreateDirectory() "C:\Users\EDY\Desktop\qc-tracker\qc_addons\qctracker\setup\nginx-1.27.4/temp/client_body_temp" failed (3: Le chemin d’accès spécifié est introuvable)
2025/04/28 17:17:53 [emerg] 9404#13096: CreateDirectory() "C:\Users\EDY\Desktop\qc-tracker\qc_addons\qctracker\setup\nginx-1.27.4/temp/client_body_temp" failed (3: Le chemin d’accès spécifié est introuvable)
2025/04/28 17:23:15 [emerg] 7944#7776: CreateDirectory() "C:\Users\EDY\Desktop\qc-tracker\qc_addons\qctracker\setup\nginx-1.27.4/temp/client_body_temp" failed (3: Le chemin d’accès spécifié est introuvable)
